{"C:\\Users\\RONAK\\OneDrive\\Desktop\\kata-sweet-shop-management-tdd\\backend\\src\\index.js": {"path":"C:\\Users\\RONAK\\OneDrive\\Desktop\\kata-sweet-shop-management-tdd\\backend\\src\\index.js","all":false,"statementMap":{"0":{"start":{"line":1,"column":0},"end":{"line":1,"column":35}},"1":{"start":{"line":2,"column":0},"end":{"line":2,"column":29}},"2":{"start":{"line":3,"column":0},"end":{"line":3,"column":33}},"3":{"start":{"line":4,"column":0},"end":{"line":4,"column":51}},"4":{"start":{"line":5,"column":0},"end":{"line":5,"column":38}},"5":{"start":{"line":6,"column":0},"end":{"line":6,"column":39}},"6":{"start":{"line":7,"column":0},"end":{"line":7,"column":51}},"7":{"start":{"line":8,"column":0},"end":{"line":8,"column":39}},"8":{"start":{"line":9,"column":0},"end":{"line":9,"column":48}},"9":{"start":{"line":10,"column":0},"end":{"line":10,"column":31}},"10":{"start":{"line":11,"column":0},"end":{"line":11,"column":0}},"11":{"start":{"line":12,"column":0},"end":{"line":12,"column":47}},"12":{"start":{"line":13,"column":0},"end":{"line":13,"column":0}},"13":{"start":{"line":14,"column":0},"end":{"line":14,"column":33}},"14":{"start":{"line":15,"column":0},"end":{"line":15,"column":0}},"15":{"start":{"line":16,"column":0},"end":{"line":16,"column":24}},"16":{"start":{"line":17,"column":0},"end":{"line":17,"column":84}},"17":{"start":{"line":18,"column":0},"end":{"line":18,"column":3}},"18":{"start":{"line":19,"column":0},"end":{"line":19,"column":0}},"19":{"start":{"line":20,"column":0},"end":{"line":20,"column":19}}},"s":{"0":1,"1":1,"2":1,"3":1,"4":1,"5":1,"6":1,"7":1,"8":1,"9":1,"10":1,"11":1,"12":1,"13":1,"14":1,"15":1,"16":1,"17":1,"18":1,"19":1},"branchMap":{"0":{"type":"branch","line":5,"loc":{"start":{"line":5,"column":29},"end":{"line":5,"column":37}},"locations":[{"start":{"line":5,"column":29},"end":{"line":5,"column":37}}]},"1":{"type":"branch","line":16,"loc":{"start":{"line":16,"column":17},"end":{"line":18,"column":2}},"locations":[{"start":{"line":16,"column":17},"end":{"line":18,"column":2}}]}},"b":{"0":[0],"1":[1]},"fnMap":{},"f":{}}
,"C:\\Users\\RONAK\\OneDrive\\Desktop\\kata-sweet-shop-management-tdd\\backend\\src\\config\\db.js": {"path":"C:\\Users\\RONAK\\OneDrive\\Desktop\\kata-sweet-shop-management-tdd\\backend\\src\\config\\db.js","all":false,"statementMap":{"0":{"start":{"line":1,"column":0},"end":{"line":1,"column":37}},"1":{"start":{"line":2,"column":0},"end":{"line":2,"column":0}},"2":{"start":{"line":3,"column":0},"end":{"line":3,"column":31}},"3":{"start":{"line":4,"column":0},"end":{"line":4,"column":7}},"4":{"start":{"line":5,"column":0},"end":{"line":5,"column":92}},"5":{"start":{"line":6,"column":0},"end":{"line":6,"column":28}},"6":{"start":{"line":7,"column":0},"end":{"line":7,"column":31}},"7":{"start":{"line":8,"column":0},"end":{"line":8,"column":7}},"8":{"start":{"line":9,"column":0},"end":{"line":9,"column":42}},"9":{"start":{"line":10,"column":0},"end":{"line":10,"column":19}},"10":{"start":{"line":11,"column":0},"end":{"line":11,"column":64}},"11":{"start":{"line":12,"column":0},"end":{"line":12,"column":20}},"12":{"start":{"line":13,"column":0},"end":{"line":13,"column":3}},"13":{"start":{"line":14,"column":0},"end":{"line":14,"column":2}},"14":{"start":{"line":15,"column":0},"end":{"line":15,"column":0}},"15":{"start":{"line":16,"column":0},"end":{"line":16,"column":27}}},"s":{"0":1,"1":1,"2":1,"3":1,"4":1,"5":1,"6":1,"7":1,"8":1,"9":1,"10":0,"11":0,"12":0,"13":1,"14":1,"15":1},"branchMap":{"0":{"type":"branch","line":3,"loc":{"start":{"line":3,"column":18},"end":{"line":14,"column":2}},"locations":[{"start":{"line":3,"column":18},"end":{"line":14,"column":2}}]},"1":{"type":"branch","line":10,"loc":{"start":{"line":10,"column":4},"end":{"line":13,"column":3}},"locations":[{"start":{"line":10,"column":4},"end":{"line":13,"column":3}}]}},"b":{"0":[1],"1":[0]},"fnMap":{"0":{"name":"connectDB","decl":{"start":{"line":3,"column":18},"end":{"line":14,"column":2}},"loc":{"start":{"line":3,"column":18},"end":{"line":14,"column":2}},"line":3}},"f":{"0":1}}
,"C:\\Users\\RONAK\\OneDrive\\Desktop\\kata-sweet-shop-management-tdd\\backend\\src\\controllers\\auth.controller.js": {"path":"C:\\Users\\RONAK\\OneDrive\\Desktop\\kata-sweet-shop-management-tdd\\backend\\src\\controllers\\auth.controller.js","all":false,"statementMap":{"0":{"start":{"line":1,"column":0},"end":{"line":1,"column":42}},"1":{"start":{"line":2,"column":0},"end":{"line":2,"column":36}},"2":{"start":{"line":3,"column":0},"end":{"line":3,"column":0}},"3":{"start":{"line":4,"column":0},"end":{"line":4,"column":31}},"4":{"start":{"line":5,"column":0},"end":{"line":5,"column":83}},"5":{"start":{"line":6,"column":0},"end":{"line":6,"column":2}},"6":{"start":{"line":7,"column":0},"end":{"line":7,"column":41}},"7":{"start":{"line":8,"column":0},"end":{"line":8,"column":45}},"8":{"start":{"line":9,"column":0},"end":{"line":9,"column":0}},"9":{"start":{"line":10,"column":0},"end":{"line":10,"column":0}},"10":{"start":{"line":11,"column":0},"end":{"line":11,"column":39}},"11":{"start":{"line":12,"column":0},"end":{"line":12,"column":84}},"12":{"start":{"line":13,"column":0},"end":{"line":13,"column":3}},"13":{"start":{"line":14,"column":0},"end":{"line":14,"column":7}},"14":{"start":{"line":15,"column":0},"end":{"line":15,"column":55}},"15":{"start":{"line":16,"column":0},"end":{"line":16,"column":35}},"16":{"start":{"line":17,"column":0},"end":{"line":17,"column":85}},"17":{"start":{"line":18,"column":0},"end":{"line":18,"column":22}},"18":{"start":{"line":19,"column":0},"end":{"line":19,"column":62}},"19":{"start":{"line":20,"column":0},"end":{"line":20,"column":0}},"20":{"start":{"line":21,"column":0},"end":{"line":21,"column":26}},"21":{"start":{"line":22,"column":0},"end":{"line":22,"column":46}},"22":{"start":{"line":23,"column":0},"end":{"line":23,"column":65}},"23":{"start":{"line":24,"column":0},"end":{"line":24,"column":37}},"24":{"start":{"line":25,"column":0},"end":{"line":25,"column":7}},"25":{"start":{"line":26,"column":0},"end":{"line":26,"column":19}},"26":{"start":{"line":27,"column":0},"end":{"line":27,"column":76}},"27":{"start":{"line":28,"column":0},"end":{"line":28,"column":3}},"28":{"start":{"line":29,"column":0},"end":{"line":29,"column":2}},"29":{"start":{"line":30,"column":0},"end":{"line":30,"column":34}}},"s":{"0":1,"1":1,"2":1,"3":1,"4":0,"5":0,"6":1,"7":4,"8":4,"9":4,"10":4,"11":3,"12":3,"13":1,"14":1,"15":1,"16":1,"17":0,"18":0,"19":0,"20":0,"21":0,"22":0,"23":0,"24":0,"25":0,"26":0,"27":0,"28":4,"29":1},"branchMap":{"0":{"type":"branch","line":7,"loc":{"start":{"line":7,"column":20},"end":{"line":29,"column":2}},"locations":[{"start":{"line":7,"column":20},"end":{"line":29,"column":2}}]},"1":{"type":"branch","line":11,"loc":{"start":{"line":11,"column":13},"end":{"line":11,"column":23}},"locations":[{"start":{"line":11,"column":13},"end":{"line":11,"column":23}}]},"2":{"type":"branch","line":11,"loc":{"start":{"line":11,"column":23},"end":{"line":11,"column":36}},"locations":[{"start":{"line":11,"column":23},"end":{"line":11,"column":36}}]},"3":{"type":"branch","line":11,"loc":{"start":{"line":11,"column":38},"end":{"line":13,"column":3}},"locations":[{"start":{"line":11,"column":38},"end":{"line":13,"column":3}}]},"4":{"type":"branch","line":13,"loc":{"start":{"line":13,"column":2},"end":{"line":17,"column":85}},"locations":[{"start":{"line":13,"column":2},"end":{"line":17,"column":85}}]},"5":{"type":"branch","line":17,"loc":{"start":{"line":17,"column":83},"end":{"line":28,"column":3}},"locations":[{"start":{"line":17,"column":83},"end":{"line":28,"column":3}}]}},"b":{"0":[4],"1":[3],"2":[1],"3":[3],"4":[1],"5":[0]},"fnMap":{"0":{"name":"generateToken","decl":{"start":{"line":4,"column":23},"end":{"line":6,"column":2}},"loc":{"start":{"line":4,"column":23},"end":{"line":6,"column":2}},"line":4},"1":{"name":"registerUser","decl":{"start":{"line":7,"column":20},"end":{"line":29,"column":2}},"loc":{"start":{"line":7,"column":20},"end":{"line":29,"column":2}},"line":7}},"f":{"0":0,"1":4}}
,"C:\\Users\\RONAK\\OneDrive\\Desktop\\kata-sweet-shop-management-tdd\\backend\\src\\models\\user.model.js": {"path":"C:\\Users\\RONAK\\OneDrive\\Desktop\\kata-sweet-shop-management-tdd\\backend\\src\\models\\user.model.js","all":false,"statementMap":{"0":{"start":{"line":1,"column":0},"end":{"line":1,"column":37}},"1":{"start":{"line":2,"column":0},"end":{"line":2,"column":35}},"2":{"start":{"line":3,"column":0},"end":{"line":3,"column":0}},"3":{"start":{"line":4,"column":0},"end":{"line":4,"column":39}},"4":{"start":{"line":5,"column":0},"end":{"line":5,"column":3}},"5":{"start":{"line":6,"column":0},"end":{"line":6,"column":55}},"6":{"start":{"line":7,"column":0},"end":{"line":7,"column":75}},"7":{"start":{"line":8,"column":0},"end":{"line":8,"column":47}},"8":{"start":{"line":9,"column":0},"end":{"line":9,"column":4}},"9":{"start":{"line":10,"column":0},"end":{"line":10,"column":22}},"10":{"start":{"line":11,"column":0},"end":{"line":11,"column":2}},"11":{"start":{"line":12,"column":0},"end":{"line":12,"column":0}},"12":{"start":{"line":13,"column":0},"end":{"line":13,"column":30}},"13":{"start":{"line":14,"column":0},"end":{"line":14,"column":46}},"14":{"start":{"line":15,"column":0},"end":{"line":15,"column":50}},"15":{"start":{"line":16,"column":0},"end":{"line":16,"column":40}},"16":{"start":{"line":17,"column":0},"end":{"line":17,"column":57}},"17":{"start":{"line":18,"column":0},"end":{"line":18,"column":9}},"18":{"start":{"line":19,"column":0},"end":{"line":19,"column":3}},"19":{"start":{"line":20,"column":0},"end":{"line":20,"column":0}},"20":{"start":{"line":21,"column":0},"end":{"line":21,"column":19}},"21":{"start":{"line":22,"column":0},"end":{"line":22,"column":69}},"22":{"start":{"line":23,"column":0},"end":{"line":23,"column":62}},"23":{"start":{"line":24,"column":0},"end":{"line":24,"column":2}},"24":{"start":{"line":25,"column":0},"end":{"line":25,"column":0}},"25":{"start":{"line":26,"column":0},"end":{"line":26,"column":48}},"26":{"start":{"line":27,"column":0},"end":{"line":27,"column":0}},"27":{"start":{"line":28,"column":0},"end":{"line":28,"column":22}}},"s":{"0":1,"1":1,"2":1,"3":1,"4":1,"5":1,"6":1,"7":1,"8":1,"9":1,"10":1,"11":1,"12":1,"13":1,"14":0,"15":0,"16":0,"17":0,"18":1,"19":1,"20":1,"21":1,"22":0,"23":0,"24":1,"25":1,"26":1,"27":1},"branchMap":{},"b":{},"fnMap":{"0":{"name":"userSchema.methods.matchPassword","decl":{"start":{"line":22,"column":35},"end":{"line":24,"column":2}},"loc":{"start":{"line":22,"column":35},"end":{"line":24,"column":2}},"line":22}},"f":{"0":0}}
,"C:\\Users\\RONAK\\OneDrive\\Desktop\\kata-sweet-shop-management-tdd\\backend\\src\\routes\\auth.routes.js": {"path":"C:\\Users\\RONAK\\OneDrive\\Desktop\\kata-sweet-shop-management-tdd\\backend\\src\\routes\\auth.routes.js","all":false,"statementMap":{"0":{"start":{"line":1,"column":0},"end":{"line":1,"column":35}},"1":{"start":{"line":2,"column":0},"end":{"line":2,"column":67}},"2":{"start":{"line":3,"column":0},"end":{"line":3,"column":32}},"3":{"start":{"line":4,"column":0},"end":{"line":4,"column":0}},"4":{"start":{"line":5,"column":0},"end":{"line":5,"column":39}},"5":{"start":{"line":6,"column":0},"end":{"line":6,"column":0}},"6":{"start":{"line":7,"column":0},"end":{"line":7,"column":24}}},"s":{"0":1,"1":1,"2":1,"3":1,"4":1,"5":1,"6":1},"branchMap":{},"b":{},"fnMap":{},"f":{}}
}
