TN:
SF:src\index.js
FNF:0
FNH:0
DA:1,1
DA:2,1
DA:3,1
DA:4,1
DA:5,1
DA:6,1
DA:7,1
DA:8,1
DA:9,1
DA:10,1
DA:11,1
DA:12,1
DA:13,1
DA:14,1
DA:15,1
DA:16,1
DA:17,1
DA:18,1
DA:19,1
DA:20,1
LF:20
LH:20
BRDA:5,0,0,0
BRF:1
BRH:0
end_of_record
TN:
SF:src\config\db.js
FN:3,connectDB
FNF:1
FNH:1
FNDA:2,connectDB
DA:1,1
DA:2,1
DA:3,1
DA:4,2
DA:5,2
DA:6,2
DA:7,2
DA:8,2
DA:9,2
DA:10,2
DA:11,0
DA:12,0
DA:13,0
DA:14,2
DA:15,1
DA:16,1
LF:16
LH:13
BRDA:3,0,0,2
BRDA:10,1,0,0
BRF:2
BRH:1
end_of_record
TN:
SF:src\controllers\auth.controller.js
FN:4,generateToken
FN:9,registerUser
FN:35,loginUser
FNF:3
FNH:3
FNDA:3,generateToken
FNDA:6,registerUser
FNDA:3,loginUser
DA:1,1
DA:2,1
DA:3,1
DA:4,1
DA:5,3
DA:6,3
DA:7,3
DA:8,3
DA:9,1
DA:10,6
DA:11,6
DA:12,6
DA:13,3
DA:14,3
DA:15,3
DA:16,3
DA:17,3
DA:18,3
DA:19,3
DA:20,6
DA:21,1
DA:22,1
DA:23,2
DA:24,2
DA:25,2
DA:26,2
DA:27,2
DA:28,2
DA:29,2
DA:30,2
DA:31,6
DA:32,0
DA:33,0
DA:34,6
DA:35,1
DA:36,3
DA:37,3
DA:38,3
DA:39,3
DA:40,0
DA:41,0
DA:42,3
DA:43,3
DA:44,3
DA:45,3
DA:46,3
DA:47,3
DA:48,3
DA:49,3
DA:50,3
DA:51,2
DA:52,3
DA:53,1
DA:54,1
DA:55,1
DA:56,1
DA:57,1
DA:58,1
DA:59,1
DA:60,1
DA:61,1
DA:62,1
DA:63,1
DA:64,1
DA:65,3
DA:66,1
LF:66
LH:62
BRDA:4,0,0,3
BRDA:5,1,0,0
BRDA:9,2,0,6
BRDA:12,3,0,5
BRDA:12,4,0,3
BRDA:12,5,0,3
BRDA:20,6,0,1
BRDA:22,7,0,2
BRDA:31,8,0,0
BRDA:35,9,0,3
BRDA:39,10,0,0
BRDA:50,11,0,2
BRDA:52,12,0,1
BRF:13
BRH:10
end_of_record
TN:
SF:src\models\user.model.js
FN:22,userSchema.methods.matchPassword
FNF:1
FNH:1
FNDA:2,userSchema.methods.matchPassword
DA:1,1
DA:2,1
DA:3,1
DA:4,1
DA:5,1
DA:6,1
DA:7,1
DA:8,1
DA:9,1
DA:10,1
DA:11,1
DA:12,1
DA:13,1
DA:14,1
DA:15,3
DA:16,3
DA:17,3
DA:18,3
DA:19,1
DA:20,1
DA:21,1
DA:22,1
DA:23,2
DA:24,2
DA:25,1
DA:26,1
DA:27,1
DA:28,1
LF:28
LH:28
BRDA:14,0,0,3
BRDA:15,1,0,0
BRDA:22,2,0,2
BRF:3
BRH:2
end_of_record
TN:
SF:src\routes\auth.routes.js
FNF:0
FNH:0
DA:1,1
DA:2,1
DA:3,1
DA:4,1
DA:5,1
DA:6,1
DA:7,1
LF:7
LH:7
BRF:0
BRH:0
end_of_record
